<?xml version="1.0" encoding="UTF-8"?>
<!-- Generated by org.testng.reporters.JUnitReportReporter -->
<testsuite hostname="DESKTOP-26BLNON" failures="0" tests="1" name="com.java.api.automation.ApiAutomationTest" time="0.875" errors="0" timestamp="2025-01-22T02:08:33 IST" skipped="0">
  <testcase classname="com.java.api.automation.ApiAutomationTest" name="verifyBPIInfoWithRates" time="0.875"/>
  <system-out/>
</testsuite> <!-- com.java.api.automation.ApiAutomationTest -->
