<?xml version="1.0" encoding="UTF-8"?>
<!-- Generated by org.testng.reporters.JUnitReportReporter -->
<testsuite hostname="DESKTOP-26BLNON" failures="0" tests="1" name="com.java.api.automation.ApiAutomationDemo2" time="0.365" errors="0" timestamp="2025-01-22T01:44:11 IST" skipped="0">
  <testcase classname="com.java.api.automation.ApiAutomationDemo2" name="verifyBPIInfo" time="0.365"/>
  <system-out/>
</testsuite> <!-- com.java.api.automation.ApiAutomationDemo2 -->
